<?xml version="1.0" encoding="UTF-8"?>
<testsuite name="Task3Test" tests="1" skipped="0" failures="1" errors="0" timestamp="2020-07-19T13:00:21" hostname="tetteh" time="0.305">
  <properties/>
  <testcase name="start" classname="Task3Test" time="0.305">
    <failure message="java.lang.AssertionError: Wrong answer in test #2&#10;&#10;Incorrect output. This is a private test. Spots should be assigned in ascending order.&#10;&#10;Please find below the output of your program during this failed test.&#10;Note that the '&gt;' character indicates the beginning of the input line.&#10;&#10;---&#10;&#10;&gt; park KA-0-HH-9999 White&#10;White car parked in spot 1.&#10;&gt; park KA-0-HH-3672 Green&#10;Green car parked in spot 2.&#10;&gt; park KA-1-HH-9999 White&#10;White car parked in spot 3.&#10;&gt; park KA-1-HH-3672 Green&#10;Green car parked in spot 4.&#10;&gt; park KA-2-HH-9999 White&#10;White car parked in spot 5.&#10;&gt; park KA-2-HH-3672 Green&#10;Green car parked in spot 6.&#10;&gt; park KA-3-HH-9999 White&#10;White car parked in spot 7.&#10;&gt; park KA-3-HH-3672 Green&#10;Green car parked in spot 8.&#10;&gt; park KA-4-HH-9999 White&#10;White car parked in spot 9.&#10;&gt; park KA-4-HH-3672 Green&#10;Green car parked in spot 10.&#10;&gt; park KA-5-HH-9999 White&#10;White car parked in spot 11.&#10;&gt; park KA-5-HH-3672 Green&#10;Green car parked in spot 12.&#10;&gt; park KA-6-HH-9999 White&#10;White car parked in spot 13.&#10;&gt; park KA-6-HH-3672 Green&#10;Green car parked in spot 14.&#10;&gt; park KA-7-HH-9999 White&#10;White car parked in spot 15.&#10;&gt; park KA-7-HH-3672 Green&#10;Green car parked in spot 16.&#10;&gt; park KA-8-HH-9999 White&#10;White car parked in spot 17.&#10;&gt; park KA-8-HH-3672 Green&#10;Green car parked in spot 18.&#10;&gt; park KA-9-HH-9999 White&#10;White car parked in spot 19.&#10;&gt; park KA-9-HH-3672 Green&#10;Green car parked in spot 20.&#10;&gt; park Rs-P-N-21 Red&#10;Sorry, the parking lot is full.&#10;&gt; park ABC Green&#10;Sorry, the parking lot is full.&#10;&gt; leave 5&#10;Spot 5 is free.&#10;&gt; leave 1&#10;Spot 1 is free.&#10;&gt; leave 20&#10;&gt; park Rs-P-N-21 White&#10;White car parked in spot 20.&#10;&gt; park Rs-P-N-22 Blue&#10;Blue car parked in spot 20.&#10;&gt; park Rs-P-N-23 Red&#10;Sorry, the parking lot is full.&#10;&gt; park A B&#10;Sorry, the parking lot is full.&#10;&gt; exit" type="java.lang.AssertionError">java.lang.AssertionError: Wrong answer in test #2

Incorrect output. This is a private test. Spots should be assigned in ascending order.

Please find below the output of your program during this failed test.
Note that the '&gt;' character indicates the beginning of the input line.

---

&gt; park KA-0-HH-9999 White
White car parked in spot 1.
&gt; park KA-0-HH-3672 Green
Green car parked in spot 2.
&gt; park KA-1-HH-9999 White
White car parked in spot 3.
&gt; park KA-1-HH-3672 Green
Green car parked in spot 4.
&gt; park KA-2-HH-9999 White
White car parked in spot 5.
&gt; park KA-2-HH-3672 Green
Green car parked in spot 6.
&gt; park KA-3-HH-9999 White
White car parked in spot 7.
&gt; park KA-3-HH-3672 Green
Green car parked in spot 8.
&gt; park KA-4-HH-9999 White
White car parked in spot 9.
&gt; park KA-4-HH-3672 Green
Green car parked in spot 10.
&gt; park KA-5-HH-9999 White
White car parked in spot 11.
&gt; park KA-5-HH-3672 Green
Green car parked in spot 12.
&gt; park KA-6-HH-9999 White
White car parked in spot 13.
&gt; park KA-6-HH-3672 Green
Green car parked in spot 14.
&gt; park KA-7-HH-9999 White
White car parked in spot 15.
&gt; park KA-7-HH-3672 Green
Green car parked in spot 16.
&gt; park KA-8-HH-9999 White
White car parked in spot 17.
&gt; park KA-8-HH-3672 Green
Green car parked in spot 18.
&gt; park KA-9-HH-9999 White
White car parked in spot 19.
&gt; park KA-9-HH-3672 Green
Green car parked in spot 20.
&gt; park Rs-P-N-21 Red
Sorry, the parking lot is full.
&gt; park ABC Green
Sorry, the parking lot is full.
&gt; leave 5
Spot 5 is free.
&gt; leave 1
Spot 1 is free.
&gt; leave 20
&gt; park Rs-P-N-21 White
White car parked in spot 20.
&gt; park Rs-P-N-22 Blue
Blue car parked in spot 20.
&gt; park Rs-P-N-23 Red
Sorry, the parking lot is full.
&gt; park A B
Sorry, the parking lot is full.
&gt; exit
	at org.junit.Assert.fail(Assert.java:88)
	at org.hyperskill.hstest.stage.StageTest.start(StageTest.java:97)
	at java.base/jdk.internal.reflect.NativeMethodAccessorImpl.invoke0(Native Method)
	at java.base/jdk.internal.reflect.NativeMethodAccessorImpl.invoke(NativeMethodAccessorImpl.java:62)
	at java.base/jdk.internal.reflect.DelegatingMethodAccessorImpl.invoke(DelegatingMethodAccessorImpl.java:43)
	at java.base/java.lang.reflect.Method.invoke(Method.java:566)
	at org.junit.runners.model.FrameworkMethod$1.runReflectiveCall(FrameworkMethod.java:50)
	at org.junit.internal.runners.model.ReflectiveCallable.run(ReflectiveCallable.java:12)
	at org.junit.runners.model.FrameworkMethod.invokeExplosively(FrameworkMethod.java:47)
	at org.junit.internal.runners.statements.InvokeMethod.evaluate(InvokeMethod.java:17)
	at org.junit.runners.ParentRunner.runLeaf(ParentRunner.java:325)
	at org.junit.runners.BlockJUnit4ClassRunner.runChild(BlockJUnit4ClassRunner.java:78)
	at org.junit.runners.BlockJUnit4ClassRunner.runChild(BlockJUnit4ClassRunner.java:57)
	at org.junit.runners.ParentRunner$3.run(ParentRunner.java:290)
	at org.junit.runners.ParentRunner$1.schedule(ParentRunner.java:71)
	at org.junit.runners.ParentRunner.runChildren(ParentRunner.java:288)
	at org.junit.runners.ParentRunner.access$000(ParentRunner.java:58)
	at org.junit.runners.ParentRunner$2.evaluate(ParentRunner.java:268)
	at org.junit.runners.ParentRunner.run(ParentRunner.java:363)
	at org.gradle.api.internal.tasks.testing.junit.JUnitTestClassExecutor.runTestClass(JUnitTestClassExecutor.java:110)
	at org.gradle.api.internal.tasks.testing.junit.JUnitTestClassExecutor.execute(JUnitTestClassExecutor.java:58)
	at org.gradle.api.internal.tasks.testing.junit.JUnitTestClassExecutor.execute(JUnitTestClassExecutor.java:38)
	at org.gradle.api.internal.tasks.testing.junit.AbstractJUnitTestClassProcessor.processTestClass(AbstractJUnitTestClassProcessor.java:62)
	at org.gradle.api.internal.tasks.testing.SuiteTestClassProcessor.processTestClass(SuiteTestClassProcessor.java:51)
	at java.base/jdk.internal.reflect.NativeMethodAccessorImpl.invoke0(Native Method)
	at java.base/jdk.internal.reflect.NativeMethodAccessorImpl.invoke(NativeMethodAccessorImpl.java:62)
	at java.base/jdk.internal.reflect.DelegatingMethodAccessorImpl.invoke(DelegatingMethodAccessorImpl.java:43)
	at java.base/java.lang.reflect.Method.invoke(Method.java:566)
	at org.gradle.internal.dispatch.ReflectionDispatch.dispatch(ReflectionDispatch.java:35)
	at org.gradle.internal.dispatch.ReflectionDispatch.dispatch(ReflectionDispatch.java:24)
	at org.gradle.internal.dispatch.ContextClassLoaderDispatch.dispatch(ContextClassLoaderDispatch.java:32)
	at org.gradle.internal.dispatch.ProxyDispatchAdapter$DispatchingInvocationHandler.invoke(ProxyDispatchAdapter.java:93)
	at com.sun.proxy.$Proxy2.processTestClass(Unknown Source)
	at org.gradle.api.internal.tasks.testing.worker.TestWorker.processTestClass(TestWorker.java:118)
	at java.base/jdk.internal.reflect.NativeMethodAccessorImpl.invoke0(Native Method)
	at java.base/jdk.internal.reflect.NativeMethodAccessorImpl.invoke(NativeMethodAccessorImpl.java:62)
	at java.base/jdk.internal.reflect.DelegatingMethodAccessorImpl.invoke(DelegatingMethodAccessorImpl.java:43)
	at java.base/java.lang.reflect.Method.invoke(Method.java:566)
	at org.gradle.internal.dispatch.ReflectionDispatch.dispatch(ReflectionDispatch.java:35)
	at org.gradle.internal.dispatch.ReflectionDispatch.dispatch(ReflectionDispatch.java:24)
	at org.gradle.internal.remote.internal.hub.MessageHubBackedObjectConnection$DispatchWrapper.dispatch(MessageHubBackedObjectConnection.java:175)
	at org.gradle.internal.remote.internal.hub.MessageHubBackedObjectConnection$DispatchWrapper.dispatch(MessageHubBackedObjectConnection.java:157)
	at org.gradle.internal.remote.internal.hub.MessageHub$Handler.run(MessageHub.java:404)
	at org.gradle.internal.concurrent.ExecutorPolicy$CatchAndRecordFailures.onExecute(ExecutorPolicy.java:63)
	at org.gradle.internal.concurrent.ManagedExecutorImpl$1.run(ManagedExecutorImpl.java:46)
	at java.base/java.util.concurrent.ThreadPoolExecutor.runWorker(ThreadPoolExecutor.java:1128)
	at java.base/java.util.concurrent.ThreadPoolExecutor$Worker.run(ThreadPoolExecutor.java:628)
	at org.gradle.internal.concurrent.ThreadFactoryImpl$ManagedThreadRunnable.run(ThreadFactoryImpl.java:55)
	at java.base/java.lang.Thread.run(Thread.java:834)
</failure>
  </testcase>
  <system-out><![CDATA[?[1;31m
Start test 1?[0m
> park KA-0-HH-9999 White
White car parked in spot 1.
> park KA-0-HH-3672 Green
Green car parked in spot 2.
> park KA-1-HH-9999 White
White car parked in spot 3.
> park KA-1-HH-3672 Green
Green car parked in spot 4.
> park KA-2-HH-9999 White
White car parked in spot 5.
> park KA-2-HH-3672 Green
Green car parked in spot 6.
> park KA-3-HH-9999 White
White car parked in spot 7.
> park KA-3-HH-3672 Green
Green car parked in spot 8.
> park KA-4-HH-9999 White
White car parked in spot 9.
> park KA-4-HH-3672 Green
Green car parked in spot 10.
> park KA-5-HH-9999 White
White car parked in spot 11.
> park KA-5-HH-3672 Green
Green car parked in spot 12.
> park KA-6-HH-9999 White
White car parked in spot 13.
> park KA-6-HH-3672 Green
Green car parked in spot 14.
> park KA-7-HH-9999 White
White car parked in spot 15.
> park KA-7-HH-3672 Green
Green car parked in spot 16.
> park KA-8-HH-9999 White
White car parked in spot 17.
> park KA-8-HH-3672 Green
Green car parked in spot 18.
> park KA-9-HH-9999 White
White car parked in spot 19.
> park KA-9-HH-3672 Green
Green car parked in spot 20.
> park Rs-P-N-21 Red
Sorry, the parking lot is full.
> leave 1
Spot 1 is free.
> park Rs-P-N-21 Red
Red car parked in spot 1.
> exit
?[1;31m
Start test 2?[0m
> park KA-0-HH-9999 White
White car parked in spot 1.
> park KA-0-HH-3672 Green
Green car parked in spot 2.
> park KA-1-HH-9999 White
White car parked in spot 3.
> park KA-1-HH-3672 Green
Green car parked in spot 4.
> park KA-2-HH-9999 White
White car parked in spot 5.
> park KA-2-HH-3672 Green
Green car parked in spot 6.
> park KA-3-HH-9999 White
White car parked in spot 7.
> park KA-3-HH-3672 Green
Green car parked in spot 8.
> park KA-4-HH-9999 White
White car parked in spot 9.
> park KA-4-HH-3672 Green
Green car parked in spot 10.
> park KA-5-HH-9999 White
White car parked in spot 11.
> park KA-5-HH-3672 Green
Green car parked in spot 12.
> park KA-6-HH-9999 White
White car parked in spot 13.
> park KA-6-HH-3672 Green
Green car parked in spot 14.
> park KA-7-HH-9999 White
White car parked in spot 15.
> park KA-7-HH-3672 Green
Green car parked in spot 16.
> park KA-8-HH-9999 White
White car parked in spot 17.
> park KA-8-HH-3672 Green
Green car parked in spot 18.
> park KA-9-HH-9999 White
White car parked in spot 19.
> park KA-9-HH-3672 Green
Green car parked in spot 20.
> park Rs-P-N-21 Red
Sorry, the parking lot is full.
> park ABC Green
Sorry, the parking lot is full.
> leave 5
Spot 5 is free.
> leave 1
Spot 1 is free.
> leave 20
> park Rs-P-N-21 White
White car parked in spot 20.
> park Rs-P-N-22 Blue
Blue car parked in spot 20.
> park Rs-P-N-23 Red
Sorry, the parking lot is full.
> park A B
Sorry, the parking lot is full.
> exit
]]></system-out>
  <system-err><![CDATA[]]></system-err>
</testsuite>
